<?xml version="1.0" encoding="UTF-8"?>
<!-- Generated by org.testng.reporters.JUnitReportReporter -->
<testsuite skipped="0" hostname="LAPTOP-E24KJM16" name="qaclickacademy.RESTAPITest" tests="2" failures="0" timestamp="2022-01-21T19:39:48 GMT" time="0.000" errors="0">
  <testcase name="electronics" time="0.000" classname="qaclickacademy.RESTAPITest"/>
  <system-out/>
  <testcase name="handMades" time="0.000" classname="qaclickacademy.RESTAPITest"/>
  <system-out/>
</testsuite> <!-- qaclickacademy.RESTAPITest -->
