<?xml version="1.0" encoding="UTF-8"?>
<!-- Generated by org.testng.reporters.JUnitReportReporter -->
<testsuite skipped="0" hostname="LAPTOP-E24KJM16" name="qaclickacademy.AppiumTest" tests="2" failures="0" timestamp="2022-01-21T19:39:48 GMT" time="0.010" errors="0">
  <testcase name="motorVehicle" time="0.010" classname="qaclickacademy.AppiumTest"/>
  <system-out/>
  <testcase name="motorVehicle1" time="0.000" classname="qaclickacademy.AppiumTest"/>
  <system-out/>
</testsuite> <!-- qaclickacademy.AppiumTest -->
