<?xml version="1.0" encoding="UTF-8"?>
<!-- Generated by org.testng.reporters.JUnitReportReporter -->
<testsuite skipped="0" hostname="LAPTOP-E24KJM16" name="qaclickacademy.SeleniumTest" tests="2" failures="0" timestamp="2022-01-21T19:39:48 GMT" time="0.000" errors="0">
  <testcase name="beauty" time="0.000" classname="qaclickacademy.SeleniumTest"/>
  <system-out/>
  <testcase name="fashion" time="0.000" classname="qaclickacademy.SeleniumTest"/>
  <system-out/>
</testsuite> <!-- qaclickacademy.SeleniumTest -->
